<?xml version="1.0" encoding="UTF-8"?>
<!-- Generated by org.testng.reporters.JUnitXMLReporter -->
<testsuite ignored="0" hostname="DESKTOP-HUOEVJ3" failures="0" tests="3" name="HomePage" time="16.841" errors="0" timestamp="2024-05-15T15:53:09 IST">
  <testcase classname="com.CRMTestCases.HomePageTest" name="validateURL" time="0.03"/>
  <testcase classname="com.CRMTestCases.HomePageTest" name="validateTitle" time="0.017"/>
  <testcase classname="com.CRMTestCases.HomePageTest" name="validateSingin" time="0.668"/>
</testsuite> <!-- HomePage -->
