<?xml version="1.0" encoding="UTF-8"?>
<testng-results ignored="0" total="4" passed="4" failed="0" skipped="0">
  <reporter-output>
  </reporter-output>
  <suite started-at="2024-05-15T15:52:52 IST" name="Suite" finished-at="2024-05-15T15:53:18 IST" duration-ms="25963">
    <groups>
    </groups>
    <test started-at="2024-05-15T15:52:52 IST" name="HomePage" finished-at="2024-05-15T15:53:09 IST" duration-ms="16841">
      <class name="com.CRMTestCases.HomePageTest">
        <test-method is-config="true" signature="setUpBrowser()[pri:0, instance:com.CRMTestCases.HomePageTest@121314f7]" started-at="2024-05-15T15:52:52 IST" name="setUpBrowser" finished-at="2024-05-15T15:53:07 IST" duration-ms="14594" status="PASS">
          <reporter-output>
          </reporter-output>
        </test-method> <!-- setUpBrowser -->
        <test-method is-config="true" signature="pageSetUp()[pri:0, instance:com.CRMTestCases.HomePageTest@121314f7]" started-at="2024-05-15T15:53:07 IST" name="pageSetUp" finished-at="2024-05-15T15:53:08 IST" duration-ms="1422" status="PASS">
          <reporter-output>
          </reporter-output>
        </test-method> <!-- pageSetUp -->
        <test-method signature="validateURL()[pri:1, instance:com.CRMTestCases.HomePageTest@121314f7]" started-at="2024-05-15T15:53:08 IST" name="validateURL" finished-at="2024-05-15T15:53:08 IST" duration-ms="30" status="PASS">
          <reporter-output>
          </reporter-output>
        </test-method> <!-- validateURL -->
        <test-method signature="validateTitle()[pri:2, instance:com.CRMTestCases.HomePageTest@121314f7]" started-at="2024-05-15T15:53:08 IST" name="validateTitle" finished-at="2024-05-15T15:53:08 IST" duration-ms="17" status="PASS">
          <reporter-output>
          </reporter-output>
        </test-method> <!-- validateTitle -->
        <test-method signature="validateSingin()[pri:3, instance:com.CRMTestCases.HomePageTest@121314f7]" started-at="2024-05-15T15:53:08 IST" name="validateSingin" finished-at="2024-05-15T15:53:09 IST" duration-ms="668" status="PASS">
          <reporter-output>
          </reporter-output>
        </test-method> <!-- validateSingin -->
      </class> <!-- com.CRMTestCases.HomePageTest -->
    </test> <!-- HomePage -->
    <test started-at="2024-05-15T15:53:09 IST" name="LoginPage" finished-at="2024-05-15T15:53:18 IST" duration-ms="8981">
      <class name="com.CRMTestCases.LoginPageTest">
        <test-method is-config="true" signature="setUpBrowser()[pri:0, instance:com.CRMTestCases.LoginPageTest@2eae8e6e]" started-at="2024-05-15T15:53:09 IST" name="setUpBrowser" finished-at="2024-05-15T15:53:14 IST" duration-ms="5073" status="PASS">
          <reporter-output>
          </reporter-output>
        </test-method> <!-- setUpBrowser -->
        <test-method is-config="true" signature="pageSetUp()[pri:0, instance:com.CRMTestCases.LoginPageTest@2eae8e6e]" started-at="2024-05-15T15:53:14 IST" name="pageSetUp" finished-at="2024-05-15T15:53:16 IST" duration-ms="1858" status="PASS">
          <reporter-output>
          </reporter-output>
        </test-method> <!-- pageSetUp -->
        <test-method signature="validateLogin()[pri:0, instance:com.CRMTestCases.LoginPageTest@2eae8e6e]" started-at="2024-05-15T15:53:16 IST" name="validateLogin" finished-at="2024-05-15T15:53:18 IST" duration-ms="2032" status="PASS">
          <reporter-output>
          </reporter-output>
        </test-method> <!-- validateLogin -->
      </class> <!-- com.CRMTestCases.LoginPageTest -->
    </test> <!-- LoginPage -->
  </suite> <!-- Suite -->
</testng-results>
